<?xml version="1.0" encoding="UTF-8"?>
<coverage generated="1720218768163" clover="3.2.0">
  <project timestamp="1720218768163" name="All files">
    <metrics statements="15" coveredstatements="5" conditionals="6" coveredconditionals="2" methods="15" coveredmethods="4" elements="36" coveredelements="11" complexity="0" loc="15" ncloc="15" packages="9" files="12" classes="12"/>
    <package name="components.button">
      <metrics statements="1" coveredstatements="1" conditionals="4" coveredconditionals="2" methods="1" coveredmethods="1"/>
      <file name="button.ts" path="/Users/borisrose/Desktop/ChezCaro/src/ts/components/button/button.ts">
        <metrics statements="1" coveredstatements="1" conditionals="4" coveredconditionals="2" methods="1" coveredmethods="1"/>
        <line num="4" count="1" type="stmt"/>
      </file>
    </package>
    <package name="components.form">
      <metrics statements="4" coveredstatements="0" conditionals="0" coveredconditionals="0" methods="3" coveredmethods="0"/>
      <file name="form.ts" path="/Users/borisrose/Desktop/ChezCaro/src/ts/components/form/form.ts">
        <metrics statements="4" coveredstatements="0" conditionals="0" coveredconditionals="0" methods="3" coveredmethods="0"/>
        <line num="6" count="0" type="stmt"/>
        <line num="7" count="0" type="stmt"/>
        <line num="10" count="0" type="stmt"/>
        <line num="13" count="0" type="stmt"/>
      </file>
    </package>
    <package name="components.input-article">
      <metrics statements="1" coveredstatements="0" conditionals="2" coveredconditionals="0" methods="1" coveredmethods="0"/>
      <file name="input-article.ts" path="/Users/borisrose/Desktop/ChezCaro/src/ts/components/input-article/input-article.ts">
        <metrics statements="1" coveredstatements="0" conditionals="2" coveredconditionals="0" methods="1" coveredmethods="0"/>
        <line num="4" count="0" type="stmt"/>
      </file>
    </package>
    <package name="interfaces">
      <metrics statements="0" coveredstatements="0" conditionals="0" coveredconditionals="0" methods="0" coveredmethods="0"/>
      <file name="custom-button.interface.ts" path="/Users/borisrose/Desktop/ChezCaro/src/ts/interfaces/custom-button.interface.ts">
        <metrics statements="0" coveredstatements="0" conditionals="0" coveredconditionals="0" methods="0" coveredmethods="0"/>
      </file>
      <file name="custom-form-data.interface.ts" path="/Users/borisrose/Desktop/ChezCaro/src/ts/interfaces/custom-form-data.interface.ts">
        <metrics statements="0" coveredstatements="0" conditionals="0" coveredconditionals="0" methods="0" coveredmethods="0"/>
      </file>
      <file name="custom-input.interface.ts" path="/Users/borisrose/Desktop/ChezCaro/src/ts/interfaces/custom-input.interface.ts">
        <metrics statements="0" coveredstatements="0" conditionals="0" coveredconditionals="0" methods="0" coveredmethods="0"/>
      </file>
      <file name="custom-notification.interface.ts" path="/Users/borisrose/Desktop/ChezCaro/src/ts/interfaces/custom-notification.interface.ts">
        <metrics statements="0" coveredstatements="0" conditionals="0" coveredconditionals="0" methods="0" coveredmethods="0"/>
      </file>
    </package>
    <package name="layout.header">
      <metrics statements="3" coveredstatements="3" conditionals="0" coveredconditionals="0" methods="2" coveredmethods="2"/>
      <file name="header.ts" path="/Users/borisrose/Desktop/ChezCaro/src/ts/layout/header/header.ts">
        <metrics statements="3" coveredstatements="3" conditionals="0" coveredconditionals="0" methods="2" coveredmethods="2"/>
        <line num="1" count="2" type="stmt"/>
        <line num="2" count="2" type="stmt"/>
        <line num="16" count="2" type="stmt"/>
      </file>
    </package>
    <package name="services.CustomConsoleService.ts">
      <metrics statements="2" coveredstatements="0" conditionals="0" coveredconditionals="0" methods="3" coveredmethods="0"/>
      <file name="custom-console-service.ts" path="/Users/borisrose/Desktop/ChezCaro/src/ts/services/CustomConsoleService.ts/custom-console-service.ts">
        <metrics statements="2" coveredstatements="0" conditionals="0" coveredconditionals="0" methods="3" coveredmethods="0"/>
        <line num="7" count="0" type="stmt"/>
        <line num="11" count="0" type="stmt"/>
      </file>
    </package>
    <package name="services.NotificationService">
      <metrics statements="2" coveredstatements="0" conditionals="0" coveredconditionals="0" methods="3" coveredmethods="0"/>
      <file name="notification-service.ts" path="/Users/borisrose/Desktop/ChezCaro/src/ts/services/NotificationService/notification-service.ts">
        <metrics statements="2" coveredstatements="0" conditionals="0" coveredconditionals="0" methods="3" coveredmethods="0"/>
        <line num="9" count="0" type="stmt"/>
        <line num="13" count="0" type="stmt"/>
      </file>
    </package>
    <package name="views.home-view">
      <metrics statements="1" coveredstatements="1" conditionals="0" coveredconditionals="0" methods="1" coveredmethods="1"/>
      <file name="home-view.ts" path="/Users/borisrose/Desktop/ChezCaro/src/ts/views/home-view/home-view.ts">
        <metrics statements="1" coveredstatements="1" conditionals="0" coveredconditionals="0" methods="1" coveredmethods="1"/>
        <line num="2" count="1" type="stmt"/>
      </file>
    </package>
    <package name="views.log-view">
      <metrics statements="1" coveredstatements="0" conditionals="0" coveredconditionals="0" methods="1" coveredmethods="0"/>
      <file name="log-view.ts" path="/Users/borisrose/Desktop/ChezCaro/src/ts/views/log-view/log-view.ts">
        <metrics statements="1" coveredstatements="0" conditionals="0" coveredconditionals="0" methods="1" coveredmethods="0"/>
        <line num="2" count="0" type="stmt"/>
      </file>
    </package>
  </project>
</coverage>
