<?xml version="1.0" encoding="UTF-8"?>
<coverage generated="1720347185690" clover="3.2.0">
  <project timestamp="1720347185690" name="All files">
    <metrics statements="38" coveredstatements="9" conditionals="29" coveredconditionals="8" methods="20" coveredmethods="6" elements="87" coveredelements="23" complexity="0" loc="38" ncloc="38" packages="11" files="15" classes="15"/>
    <package name="components.button">
      <metrics statements="1" coveredstatements="1" conditionals="6" coveredconditionals="5" methods="1" coveredmethods="1"/>
      <file name="button.ts" path="/Users/borisrose/Desktop/ChezCaro/src/ts/components/button/button.ts">
        <metrics statements="1" coveredstatements="1" conditionals="6" coveredconditionals="5" methods="1" coveredmethods="1"/>
        <line num="4" count="3" type="stmt"/>
      </file>
    </package>
    <package name="components.form">
      <metrics statements="4" coveredstatements="0" conditionals="0" coveredconditionals="0" methods="3" coveredmethods="0"/>
      <file name="form.ts" path="/Users/borisrose/Desktop/ChezCaro/src/ts/components/form/form.ts">
        <metrics statements="4" coveredstatements="0" conditionals="0" coveredconditionals="0" methods="3" coveredmethods="0"/>
        <line num="6" count="0" type="stmt"/>
        <line num="7" count="0" type="stmt"/>
        <line num="10" count="0" type="stmt"/>
        <line num="13" count="0" type="stmt"/>
      </file>
    </package>
    <package name="components.input-article">
      <metrics statements="1" coveredstatements="0" conditionals="2" coveredconditionals="0" methods="1" coveredmethods="0"/>
      <file name="input-article.ts" path="/Users/borisrose/Desktop/ChezCaro/src/ts/components/input-article/input-article.ts">
        <metrics statements="1" coveredstatements="0" conditionals="2" coveredconditionals="0" methods="1" coveredmethods="0"/>
        <line num="4" count="0" type="stmt"/>
      </file>
    </package>
    <package name="components.message">
      <metrics statements="3" coveredstatements="3" conditionals="4" coveredconditionals="3" methods="2" coveredmethods="2"/>
      <file name="message.ts" path="/Users/borisrose/Desktop/ChezCaro/src/ts/components/message/message.ts">
        <metrics statements="3" coveredstatements="3" conditionals="4" coveredconditionals="3" methods="2" coveredmethods="2"/>
        <line num="5" count="2" type="stmt"/>
        <line num="6" count="2" type="stmt"/>
        <line num="16" count="2" type="cond" truecount="3" falsecount="1"/>
      </file>
    </package>
    <package name="containers">
      <metrics statements="15" coveredstatements="0" conditionals="13" coveredconditionals="0" methods="3" coveredmethods="0"/>
      <file name="log-container.ts" path="/Users/borisrose/Desktop/ChezCaro/src/ts/containers/log-container.ts">
        <metrics statements="15" coveredstatements="0" conditionals="13" coveredconditionals="0" methods="3" coveredmethods="0"/>
        <line num="5" count="0" type="stmt"/>
        <line num="6" count="0" type="stmt"/>
        <line num="7" count="0" type="stmt"/>
        <line num="11" count="0" type="stmt"/>
        <line num="12" count="0" type="stmt"/>
        <line num="16" count="0" type="stmt"/>
        <line num="20" count="0" type="cond" truecount="0" falsecount="2"/>
        <line num="21" count="0" type="cond" truecount="0" falsecount="4"/>
        <line num="22" count="0" type="stmt"/>
        <line num="24" count="0" type="stmt"/>
        <line num="28" count="0" type="cond" truecount="0" falsecount="2"/>
        <line num="29" count="0" type="stmt"/>
        <line num="32" count="0" type="cond" truecount="0" falsecount="5"/>
        <line num="33" count="0" type="stmt"/>
        <line num="35" count="0" type="stmt"/>
      </file>
    </package>
    <package name="interfaces">
      <metrics statements="0" coveredstatements="0" conditionals="0" coveredconditionals="0" methods="0" coveredmethods="0"/>
      <file name="custom-button.interface.ts" path="/Users/borisrose/Desktop/ChezCaro/src/ts/interfaces/custom-button.interface.ts">
        <metrics statements="0" coveredstatements="0" conditionals="0" coveredconditionals="0" methods="0" coveredmethods="0"/>
      </file>
      <file name="custom-form-data.interface.ts" path="/Users/borisrose/Desktop/ChezCaro/src/ts/interfaces/custom-form-data.interface.ts">
        <metrics statements="0" coveredstatements="0" conditionals="0" coveredconditionals="0" methods="0" coveredmethods="0"/>
      </file>
      <file name="custom-input.interface.ts" path="/Users/borisrose/Desktop/ChezCaro/src/ts/interfaces/custom-input.interface.ts">
        <metrics statements="0" coveredstatements="0" conditionals="0" coveredconditionals="0" methods="0" coveredmethods="0"/>
      </file>
      <file name="custom-message.interface.ts" path="/Users/borisrose/Desktop/ChezCaro/src/ts/interfaces/custom-message.interface.ts">
        <metrics statements="0" coveredstatements="0" conditionals="0" coveredconditionals="0" methods="0" coveredmethods="0"/>
      </file>
      <file name="custom-notification.interface.ts" path="/Users/borisrose/Desktop/ChezCaro/src/ts/interfaces/custom-notification.interface.ts">
        <metrics statements="0" coveredstatements="0" conditionals="0" coveredconditionals="0" methods="0" coveredmethods="0"/>
      </file>
    </package>
    <package name="layout.header">
      <metrics statements="3" coveredstatements="3" conditionals="0" coveredconditionals="0" methods="2" coveredmethods="2"/>
      <file name="header.ts" path="/Users/borisrose/Desktop/ChezCaro/src/ts/layout/header/header.ts">
        <metrics statements="3" coveredstatements="3" conditionals="0" coveredconditionals="0" methods="2" coveredmethods="2"/>
        <line num="1" count="2" type="stmt"/>
        <line num="2" count="2" type="stmt"/>
        <line num="16" count="2" type="stmt"/>
      </file>
    </package>
    <package name="services.CustomConsoleService.ts">
      <metrics statements="2" coveredstatements="0" conditionals="0" coveredconditionals="0" methods="3" coveredmethods="0"/>
      <file name="custom-console-service.ts" path="/Users/borisrose/Desktop/ChezCaro/src/ts/services/CustomConsoleService.ts/custom-console-service.ts">
        <metrics statements="2" coveredstatements="0" conditionals="0" coveredconditionals="0" methods="3" coveredmethods="0"/>
        <line num="7" count="0" type="stmt"/>
        <line num="11" count="0" type="stmt"/>
      </file>
    </package>
    <package name="services.NotificationService">
      <metrics statements="2" coveredstatements="0" conditionals="0" coveredconditionals="0" methods="3" coveredmethods="0"/>
      <file name="notification-service.ts" path="/Users/borisrose/Desktop/ChezCaro/src/ts/services/NotificationService/notification-service.ts">
        <metrics statements="2" coveredstatements="0" conditionals="0" coveredconditionals="0" methods="3" coveredmethods="0"/>
        <line num="9" count="0" type="stmt"/>
        <line num="13" count="0" type="stmt"/>
      </file>
    </package>
    <package name="views.home-view">
      <metrics statements="2" coveredstatements="2" conditionals="0" coveredconditionals="0" methods="1" coveredmethods="1"/>
      <file name="home-view.ts" path="/Users/borisrose/Desktop/ChezCaro/src/ts/views/home-view/home-view.ts">
        <metrics statements="2" coveredstatements="2" conditionals="0" coveredconditionals="0" methods="1" coveredmethods="1"/>
        <line num="5" count="1" type="stmt"/>
        <line num="16" count="1" type="stmt"/>
      </file>
    </package>
    <package name="views.log-view">
      <metrics statements="5" coveredstatements="0" conditionals="4" coveredconditionals="0" methods="1" coveredmethods="0"/>
      <file name="log-view.ts" path="/Users/borisrose/Desktop/ChezCaro/src/ts/views/log-view/log-view.ts">
        <metrics statements="5" coveredstatements="0" conditionals="4" coveredconditionals="0" methods="1" coveredmethods="0"/>
        <line num="5" count="0" type="stmt"/>
        <line num="31" count="0" type="cond" truecount="0" falsecount="2"/>
        <line num="32" count="0" type="stmt"/>
        <line num="39" count="0" type="cond" truecount="0" falsecount="2"/>
        <line num="43" count="0" type="stmt"/>
      </file>
    </package>
  </project>
</coverage>
